run_id=sprint2-exp
raw_records=10
cleaned_records=5
quarantine_records=5
cleaned_csv=artifacts\cleaned\cleaned_sprint2-exp.csv
quarantine_csv=artifacts\quarantine\quarantine_sprint2-exp.csv
expectation[min_one_row] OK (halt) :: cleaned_rows=5
expectation[no_empty_doc_id] OK (halt) :: empty_doc_id_count=0
expectation[refund_no_stale_14d_window] OK (halt) :: violations=0
expectation[chunk_min_length_8] OK (warn) :: short_chunks=0
expectation[effective_date_iso_yyyy_mm_dd] OK (halt) :: non_iso_rows=0
expectation[hr_leave_no_stale_10d_annual] OK (halt) :: violations=0
expectation[no_internal_note_in_cleaned] OK (halt) :: violations=0
expectation[all_required_docs_present] OK (warn) :: missing_docs=[]
expectation[no_placeholder_in_chunk] OK (warn) :: placeholder_chunks=0
embed_prune_removed=5
embed_upsert count=5 collection=day10_kb
manifest_written=artifacts\manifests\manifest_sprint2-exp.json
freshness_check=FAIL {"latest_exported_at": "2026-04-10T08:00:00", "age_hours": 118.273, "sla_hours": 24.0, "reason": "freshness_sla_exceeded"}
PIPELINE_OK
